2025-07-04 18:47:11,162 - INFO - Robots.txt check: Allowed
2025-07-04 18:47:11,165 - INFO - Crawling: http://www.visittshwane.co.za
2025-07-04 18:47:13,496 - INFO - Downloaded css: css_202e2126.css
2025-07-04 18:47:13,733 - INFO - Downloaded css: css_13aaa820.css
2025-07-04 18:47:13,905 - INFO - Downloaded css: css_2670926b.css
2025-07-04 18:47:13,990 - INFO - Downloaded css: css_a6e45ec3.css
2025-07-04 18:47:14,132 - INFO - Downloaded css: css_358b196c.css
2025-07-04 18:47:14,237 - INFO - Downloaded css: css_735b3440.css
2025-07-04 18:47:14,364 - INFO - Downloaded css: css_70fe998b.css
2025-07-04 18:47:14,469 - INFO - Downloaded css: css_f7f548e8.css
2025-07-04 18:47:14,612 - INFO - Downloaded css: css_fec5c7c7.css
2025-07-04 18:47:14,739 - INFO - Downloaded css: css_0b3eb520.css
2025-07-04 18:47:15,019 - INFO - Downloaded css: css_8a93eb91.css
2025-07-04 18:47:15,091 - INFO - Downloaded css: css_7af40586.css
2025-07-04 18:47:15,242 - INFO - Downloaded css: css_5d32e921.css
2025-07-04 18:47:15,521 - INFO - Downloaded css: css_3110f9b2.css
2025-07-04 18:47:15,668 - INFO - Downloaded css: css_d66d01f9.css
2025-07-04 18:47:15,812 - INFO - Downloaded css: css_5525347f.css
2025-07-04 18:47:16,089 - INFO - Downloaded css: css_08f16702.css
2025-07-04 18:47:16,149 - INFO - Downloaded css: css_e338af8f.css
2025-07-04 18:47:16,326 - INFO - Downloaded css: css_7034bc00.css
2025-07-04 18:47:16,523 - INFO - Downloaded css: css_1ede870d.css
2025-07-04 18:47:16,612 - INFO - Downloaded css: css_05cf9c56.css
2025-07-04 18:47:16,730 - INFO - Downloaded css: css_4733b188.css
2025-07-04 18:47:16,801 - INFO - Downloaded css: css_26e1c5f2.css
2025-07-04 18:47:16,873 - INFO - Downloaded css: css_84583788.css
2025-07-04 18:47:16,983 - INFO - Downloaded css: css_9c403178.css
2025-07-04 18:47:17,119 - INFO - Downloaded css: css_d66194e4.css
2025-07-04 18:47:17,230 - INFO - Downloaded css: css_d13890ba.css
2025-07-04 18:47:17,392 - INFO - Downloaded css: css_ef4cd79c.css
2025-07-04 18:47:17,565 - INFO - Downloaded css: css_ce3808de.css
2025-07-04 18:47:17,699 - INFO - Downloaded css: css_309fb9fd.css
2025-07-04 18:47:17,881 - INFO - Downloaded css: css_3b47b760.css
2025-07-04 18:47:18,290 - INFO - Downloaded css: css_2c201662.css
2025-07-04 18:47:18,592 - INFO - Downloaded css: css_9cc59ba4.css
2025-07-04 18:47:18,803 - INFO - Downloaded css: css_83af6c88.css
2025-07-04 18:47:18,934 - INFO - Downloaded css: css_f2ceb414.css
2025-07-04 18:47:19,175 - INFO - Downloaded css: css_13dc658e.css
2025-07-04 18:47:19,362 - INFO - Downloaded css: css_3fcce91b.css
2025-07-04 18:47:19,473 - INFO - Downloaded css: css_8cd807e1.css
2025-07-04 18:47:19,603 - INFO - Downloaded css: css_a7e4ee12.css
2025-07-04 18:47:19,736 - INFO - Downloaded css: css_c23cb0e4.css
2025-07-04 18:47:19,895 - INFO - Downloaded css: css_a2939362.css
2025-07-04 18:47:20,039 - INFO - Downloaded css: css_9f07a0aa.css
2025-07-04 18:47:20,166 - INFO - Downloaded css: css_c9d0a284.css
2025-07-04 18:47:20,255 - INFO - Downloaded css: css_af791da9.css
2025-07-04 18:47:20,430 - INFO - Downloaded css: css_9732b16d.css
2025-07-04 18:47:20,633 - INFO - Downloaded css: css_e4a7bf54.css
2025-07-04 18:47:20,783 - INFO - Downloaded css: css_6ed257a4.css
2025-07-04 18:47:21,047 - INFO - Downloaded css: css_0eb33740.css
2025-07-04 18:47:21,192 - INFO - Downloaded css: css_98c905fe.css
2025-07-04 18:47:21,372 - INFO - Downloaded css: css_6d2bba2f.css
2025-07-04 18:47:21,500 - INFO - Downloaded css: css_f9f6e2da.css
2025-07-04 18:47:21,745 - INFO - Downloaded css: css_d95634c7.css
2025-07-04 18:47:21,951 - INFO - Downloaded css: css_9b845db6.css
2025-07-04 18:47:22,142 - INFO - Downloaded css: css_6274acab.css
2025-07-04 18:47:22,281 - INFO - Downloaded css: css_5fa22747.css
2025-07-04 18:47:22,390 - INFO - Downloaded css: css_ad851233.css
2025-07-04 18:47:22,790 - INFO - Downloaded css: css_bed01237.css
2025-07-04 18:47:23,099 - INFO - Downloaded css: css_a793c38e.css
2025-07-04 18:47:23,190 - INFO - Downloaded css: css_f99ce26e.css
2025-07-04 18:47:23,568 - INFO - Downloaded css: css_80d12f32.css
2025-07-04 18:47:24,119 - INFO - Downloaded css: css_5a85ed47.css
2025-07-04 18:47:24,189 - INFO - Downloaded css: css_70aa3afb.css
2025-07-04 18:47:24,345 - INFO - Downloaded css: css_e44e60cd.css
2025-07-04 18:47:24,438 - INFO - Downloaded css: css_39bd3a1f.css
2025-07-04 18:47:24,585 - INFO - Downloaded css: css_6ea1fbe2.css
2025-07-04 18:47:24,727 - INFO - Downloaded css: css_e400711a.css
2025-07-04 18:47:24,806 - INFO - Downloaded css: css_82d497e4.css
2025-07-04 18:47:24,902 - INFO - Downloaded css: css_cfffbaa5.css
2025-07-04 18:47:25,073 - INFO - Downloaded css: css_fb60c75b.css
2025-07-04 18:47:25,172 - INFO - Downloaded css: css_d649964a.css
2025-07-04 18:47:25,810 - INFO - Downloaded css: css_172dd606.css
2025-07-04 18:47:25,875 - INFO - Downloaded css: css_c1a7bca2.css
2025-07-04 18:47:25,953 - INFO - Downloaded css: css_d803f78a.css
2025-07-04 18:47:26,063 - INFO - Downloaded css: css_8a85bc2e.css
2025-07-04 18:47:26,129 - INFO - Downloaded css: css_56a58bd1.css
2025-07-04 18:47:26,333 - INFO - Downloaded js: js_5ee304d4.bin
2025-07-04 18:47:26,397 - INFO - Downloaded js: js_ae3fc9c6.bin
2025-07-04 18:47:26,455 - INFO - Downloaded js: js_b5fee608.bin
2025-07-04 18:47:26,544 - INFO - Downloaded js: js_95568b98.bin
2025-07-04 18:47:26,619 - INFO - Downloaded js: js_a37435c9.bin
2025-07-04 18:47:26,780 - INFO - Downloaded js: js_26584f3a.bin
2025-07-04 18:47:26,965 - INFO - Downloaded js: js_84f2360b.bin
2025-07-04 18:47:27,026 - INFO - Downloaded js: js_8fab8482.bin
2025-07-04 18:47:27,653 - INFO - Downloaded js: js_036797e1.bin
2025-07-04 18:47:27,717 - INFO - Downloaded js: js_dba1171e.bin
2025-07-04 18:47:27,802 - INFO - Downloaded js: js_2ba0417b.bin
2025-07-04 18:47:28,720 - INFO - Downloaded js: js_56bc4442.bin
2025-07-04 18:47:28,818 - INFO - Downloaded js: js_986ace74.bin
2025-07-04 18:47:28,890 - INFO - Downloaded js: js_48b2811d.bin
2025-07-04 18:47:28,980 - INFO - Downloaded js: js_c541acbb.bin
2025-07-04 18:47:29,045 - INFO - Downloaded js: js_3c42b600.bin
2025-07-04 18:47:29,130 - INFO - Downloaded js: js_58b779f9.bin
2025-07-04 18:47:29,223 - INFO - Downloaded js: js_a035461a.bin
2025-07-04 18:47:29,296 - INFO - Downloaded js: js_e6234449.bin
2025-07-04 18:47:29,403 - INFO - Downloaded js: js_01af8dbf.bin
2025-07-04 18:47:29,557 - INFO - Downloaded js: js_7c306088.bin
2025-07-04 18:47:29,623 - INFO - Downloaded js: js_e9f49e74.bin
2025-07-04 18:47:29,686 - INFO - Downloaded js: js_24311dd1.bin
2025-07-04 18:47:29,779 - INFO - Downloaded js: js_90cc2aa6.bin
2025-07-04 18:47:29,986 - INFO - Downloaded js: js_bb21a1a5.bin
2025-07-04 18:47:30,065 - INFO - Downloaded js: js_9b8f3f0e.bin
2025-07-04 18:47:30,125 - INFO - Downloaded js: js_43ad9e83.bin
2025-07-04 18:47:30,213 - INFO - Downloaded js: js_6c5fbb8d.bin
2025-07-04 18:47:30,283 - INFO - Downloaded js: js_8a8ffe41.bin
2025-07-04 18:47:30,363 - INFO - Downloaded js: js_7646a637.bin
2025-07-04 18:47:30,414 - INFO - Downloaded js: js_2e0c8d49.bin
2025-07-04 18:47:30,516 - INFO - Downloaded js: js_e249822a.bin
2025-07-04 18:47:30,606 - INFO - Downloaded js: js_d2e1676d.bin
2025-07-04 18:47:30,690 - INFO - Downloaded js: js_3b1303f3.bin
2025-07-04 18:47:30,755 - INFO - Downloaded js: js_61990a9f.bin
2025-07-04 18:47:30,971 - INFO - Downloaded js: js_9556ecf9.bin
2025-07-04 18:47:31,044 - INFO - Downloaded js: js_a7eceff7.bin
2025-07-04 18:47:31,109 - INFO - Downloaded js: js_85b668cd.bin
2025-07-04 18:47:31,267 - INFO - Downloaded js: js_7c4ecc29.bin
2025-07-04 18:47:31,341 - INFO - Downloaded js: js_0d762550.bin
2025-07-04 18:47:31,413 - INFO - Downloaded js: js_8fa00efc.bin
2025-07-04 18:47:31,493 - INFO - Downloaded js: js_b650cfa1.bin
2025-07-04 18:47:31,575 - INFO - Downloaded js: js_1ae120a1.bin
2025-07-04 18:47:31,674 - INFO - Downloaded js: js_bc76df45.bin
2025-07-04 18:47:31,771 - INFO - Downloaded js: js_73809e39.bin
2025-07-04 18:47:31,839 - INFO - Downloaded js: js_cdea9438.bin
2025-07-04 18:47:31,924 - INFO - Downloaded js: js_43b562f6.bin
2025-07-04 18:47:31,996 - INFO - Downloaded js: js_f3613511.bin
2025-07-04 18:47:32,229 - INFO - Downloaded js: js_11d0e98f.bin
2025-07-04 18:47:32,301 - INFO - Downloaded js: js_68c5222e.bin
2025-07-04 18:47:32,477 - INFO - Downloaded js: js_4ec5e119.bin
2025-07-04 18:47:33,504 - INFO - Downloaded js: js_3ffbaa7c.bin
2025-07-04 18:47:34,235 - INFO - Downloaded image: image_dc6b3580.png
2025-07-04 18:47:36,913 - INFO - Downloaded image: image_08d9ee89.jpg
2025-07-04 18:47:38,357 - INFO - Downloaded image: image_12e5e773.jpg
2025-07-04 18:47:40,078 - INFO - Downloaded image: image_fb2254b6.jpg
2025-07-04 18:47:42,373 - INFO - Downloaded image: image_0401245f.jpg
2025-07-04 18:47:44,333 - INFO - Downloaded image: image_14b5ee4a.jpg
2025-07-04 18:47:46,539 - INFO - Downloaded image: image_c8143cc5.jpg
2025-07-04 18:47:50,335 - INFO - Downloaded image: image_cc25f140.jpg
2025-07-04 18:47:50,740 - INFO - Downloaded image: image_7d593221.jpg
2025-07-04 18:47:50,976 - INFO - Downloaded image: image_f0901f6c.jpg
2025-07-04 18:47:51,224 - INFO - Downloaded image: image_5a64787b.jpg
2025-07-04 18:47:51,422 - INFO - Downloaded image: image_83249428.jpg
2025-07-04 18:47:53,955 - INFO - Downloaded image: image_9e77d613.jpg
2025-07-04 18:47:55,074 - INFO - Downloaded image: image_3d64b3f3.jpg
2025-07-04 18:47:56,955 - INFO - Downloaded image: image_34aee891.jpg
2025-07-04 18:47:58,423 - INFO - Downloaded image: image_3d85934a.jpg
2025-07-04 18:48:00,107 - INFO - Downloaded image: image_a121749d.jpg
2025-07-04 18:48:00,271 - INFO - Downloaded image: image_0f8f7f6a.png
2025-07-04 18:48:00,359 - INFO - Downloaded image: image_1dd469c0.png
2025-07-04 18:48:00,494 - INFO - Downloaded image: image_9b1f55e1.png
2025-07-04 18:48:05,304 - INFO - Crawling: https://www.visittshwane.co.za/travel-2/
2025-07-04 18:48:07,390 - INFO - Downloaded css: css_321162f2.css
2025-07-04 18:48:07,514 - INFO - Downloaded css: css_5c555b2d.css
2025-07-04 18:48:07,785 - INFO - Downloaded css: css_332fd060.css
2025-07-04 18:48:07,867 - INFO - Downloaded css: css_a187b0fd.css
2025-07-04 18:48:07,959 - INFO - Downloaded css: css_bcf593a5.css
2025-07-04 18:48:08,030 - INFO - Downloaded css: css_68d67973.css
2025-07-04 18:48:08,111 - INFO - Downloaded css: css_b98b9cbf.css
2025-07-04 18:48:08,186 - INFO - Downloaded css: css_828dd6f4.css
2025-07-04 18:48:08,257 - INFO - Downloaded css: css_32afae74.css
2025-07-04 18:48:08,314 - INFO - Downloaded css: css_91b86b7a.css
2025-07-04 18:48:08,396 - INFO - Downloaded css: css_3d908108.css
2025-07-04 18:48:08,549 - INFO - Downloaded css: css_3eeeef9c.css
2025-07-04 18:48:08,638 - INFO - Downloaded css: css_e9cbd19e.css
2025-07-04 18:48:08,710 - INFO - Downloaded css: css_c2d4abc6.css
2025-07-04 18:48:08,783 - INFO - Downloaded css: css_13e4f574.css
2025-07-04 18:48:08,881 - INFO - Downloaded css: css_2a8df1ef.css
2025-07-04 18:48:08,933 - INFO - Downloaded css: css_06c5392b.css
2025-07-04 18:48:08,993 - INFO - Downloaded css: css_078560ec.css
2025-07-04 18:48:09,071 - INFO - Downloaded css: css_f890ab04.css
2025-07-04 18:48:09,139 - INFO - Downloaded css: css_bf9b1131.css
2025-07-04 18:48:09,216 - INFO - Downloaded css: css_e071127c.css
2025-07-04 18:48:09,265 - INFO - Downloaded css: css_14249107.css
2025-07-04 18:48:09,351 - INFO - Downloaded css: css_b40f451a.css
2025-07-04 18:48:09,415 - INFO - Downloaded css: css_11ee5f1b.css
2025-07-04 18:48:09,478 - INFO - Downloaded css: css_ad9ebfcd.css
2025-07-04 18:48:09,548 - INFO - Downloaded css: css_31c0e2b7.css
2025-07-04 18:48:09,616 - INFO - Downloaded css: css_d0bf2703.css
2025-07-04 18:48:09,688 - INFO - Downloaded css: css_d9099a0a.css
2025-07-04 18:48:09,834 - INFO - Downloaded css: css_8247ca81.css
2025-07-04 18:48:09,896 - INFO - Downloaded css: css_2867c966.css
2025-07-04 18:48:09,963 - INFO - Downloaded css: css_f6cd56f1.css
2025-07-04 18:48:10,027 - INFO - Downloaded css: css_5ed3a489.css
2025-07-04 18:48:10,111 - INFO - Downloaded css: css_05ee2d4a.css
2025-07-04 18:48:10,173 - INFO - Downloaded css: css_12ef5eb8.css
2025-07-04 18:48:10,266 - INFO - Downloaded css: css_51d8496e.css
2025-07-04 18:48:10,325 - INFO - Downloaded css: css_eac20eed.css
2025-07-04 18:48:10,388 - INFO - Downloaded css: css_0da7a617.css
2025-07-04 18:48:10,450 - INFO - Downloaded css: css_25482516.css
2025-07-04 18:48:10,507 - INFO - Downloaded css: css_a71c4bcd.css
2025-07-04 18:48:10,570 - INFO - Downloaded css: css_480bb102.css
2025-07-04 18:48:10,633 - INFO - Downloaded css: css_805768a4.css
2025-07-04 18:48:10,721 - INFO - Downloaded css: css_516248ae.css
2025-07-04 18:48:10,791 - INFO - Downloaded css: css_61e89328.css
2025-07-04 18:48:10,842 - INFO - Downloaded css: css_f49a38b9.css
2025-07-04 18:48:10,915 - INFO - Downloaded css: css_3ed7316b.css
2025-07-04 18:48:10,978 - INFO - Downloaded css: css_8583515f.css
2025-07-04 18:48:11,088 - INFO - Downloaded css: css_9468c9a0.css
2025-07-04 18:48:11,146 - INFO - Downloaded css: css_a757dc7d.css
2025-07-04 18:48:11,286 - INFO - Downloaded css: css_852ec898.css
2025-07-04 18:48:11,362 - INFO - Downloaded css: css_9288ac81.css
2025-07-04 18:48:11,421 - INFO - Downloaded css: css_2fccf4a7.css
2025-07-04 18:48:11,485 - INFO - Downloaded css: css_f916153e.css
2025-07-04 18:48:11,554 - INFO - Downloaded css: css_b2eb65fc.css
2025-07-04 18:48:11,655 - INFO - Downloaded css: css_dd444295.css
2025-07-04 18:48:11,716 - INFO - Downloaded css: css_72175093.css
2025-07-04 18:48:11,784 - INFO - Downloaded css: css_d1dc7ad9.css
2025-07-04 18:48:12,115 - INFO - Downloaded css: css_2b358c55.css
2025-07-04 18:48:12,502 - INFO - Downloaded css: css_5d365649.css
2025-07-04 18:48:12,565 - INFO - Downloaded css: css_83d26a4e.css
2025-07-04 18:48:12,966 - INFO - Downloaded css: css_727a529c.css
2025-07-04 18:48:13,034 - INFO - Downloaded css: css_45b4f38b.css
2025-07-04 18:48:13,096 - INFO - Downloaded css: css_8935de77.css
2025-07-04 18:48:13,214 - INFO - Downloaded css: css_91c7dadb.css
2025-07-04 18:48:13,285 - INFO - Downloaded css: css_ae57a7c8.css
2025-07-04 18:48:13,411 - INFO - Downloaded css: css_ea71558b.css
2025-07-04 18:48:13,566 - INFO - Downloaded css: css_8a27074a.css
2025-07-04 18:48:13,629 - INFO - Downloaded css: css_afe747be.css
2025-07-04 18:48:13,691 - INFO - Downloaded css: css_9a0e8ecc.css
2025-07-04 18:48:13,747 - INFO - Downloaded css: css_8e4888d0.css
2025-07-04 18:48:13,868 - INFO - Downloaded css: css_4922e9d8.css
2025-07-04 18:48:14,193 - INFO - Downloaded css: css_172dd606.css
2025-07-04 18:48:14,277 - INFO - Downloaded css: css_9ac5f8df.css
2025-07-04 18:48:14,350 - INFO - Downloaded css: css_28dd91c6.css
